0 info it worked if it ends with ok
1 verbose cli [ 'c:\\Program Files\\nodejs\\node.exe',
1 verbose cli   'c:\\Program Files\\nodejs\\node_modules\\npm\\bin\\npm-cli.js',
1 verbose cli   'remove',
1 verbose cli   'phonegap',
1 verbose cli   '-g' ]
2 info using npm@1.4.28
3 info using node@v0.10.33
4 verbose node_modules\phonegap unbuild
5 error Error: UNKNOWN, readdir 'C:\Users\cc\AppData\Roaming\npm\node_modules\phonegap\spec\phonegap'
6 error If you need help, you may report this *entire* log,
6 error including the npm and node versions, at:
6 error     <http://github.com/npm/npm/issues>
7 error System Windows_NT 6.1.7601
8 error command "c:\\Program Files\\nodejs\\node.exe" "c:\\Program Files\\nodejs\\node_modules\\npm\\bin\\npm-cli.js" "remove" "phonegap" "-g"
9 error cwd d:\working\TravelGreen\server
10 error node -v v0.10.33
11 error npm -v 1.4.28
12 error path C:\Users\cc\AppData\Roaming\npm\node_modules\phonegap\spec\phonegap
13 error code UNKNOWN
14 error errno -1
15 verbose exit [ -1, true ]
